<?xml version="1.0" encoding="UTF-8"?>
<coverage generated="1717774210108" clover="3.2.0">
  <project timestamp="1717774210108" name="All files">
    <metrics statements="29" coveredstatements="29" conditionals="44" coveredconditionals="43" methods="19" coveredmethods="19" elements="92" coveredelements="91" complexity="0" loc="29" ncloc="29" packages="2" files="3" classes="3"/>
    <package name="Auth">
      <metrics statements="14" coveredstatements="14" conditionals="26" coveredconditionals="26" methods="11" coveredmethods="11"/>
      <file name="login.js" path="C:\Users\vinh\OneDrive - MSFT\code\DanhGiaVaKiemDinhPhanMem\BaiTapGK_DanhGiaKiemDinh\Auth\login.js">
        <metrics statements="6" coveredstatements="6" conditionals="12" coveredconditionals="12" methods="5" coveredmethods="5"/>
        <line num="3" count="18" type="stmt"/>
        <line num="4" count="18" type="stmt"/>
        <line num="8" count="18" type="cond" truecount="4" falsecount="0"/>
        <line num="12" count="15" type="cond" truecount="2" falsecount="0"/>
        <line num="16" count="11" type="stmt"/>
        <line num="24" count="18" type="cond" truecount="3" falsecount="0"/>
      </file>
      <file name="signup.js" path="C:\Users\vinh\OneDrive - MSFT\code\DanhGiaVaKiemDinhPhanMem\BaiTapGK_DanhGiaKiemDinh\Auth\signup.js">
        <metrics statements="8" coveredstatements="8" conditionals="14" coveredconditionals="14" methods="6" coveredmethods="6"/>
        <line num="3" count="22" type="stmt"/>
        <line num="4" count="22" type="stmt"/>
        <line num="5" count="22" type="stmt"/>
        <line num="9" count="22" type="cond" truecount="5" falsecount="0"/>
        <line num="13" count="17" type="cond" truecount="2" falsecount="0"/>
        <line num="17" count="13" type="stmt"/>
        <line num="25" count="9" type="stmt"/>
        <line num="29" count="22" type="stmt"/>
      </file>
    </package>
    <package name="KhaiBaoTT">
      <metrics statements="15" coveredstatements="15" conditionals="18" coveredconditionals="17" methods="8" coveredmethods="8"/>
      <file name="khaibao.js" path="C:\Users\vinh\OneDrive - MSFT\code\DanhGiaVaKiemDinhPhanMem\BaiTapGK_DanhGiaKiemDinh\KhaiBaoTT\khaibao.js">
        <metrics statements="15" coveredstatements="15" conditionals="18" coveredconditionals="17" methods="8" coveredmethods="8"/>
        <line num="3" count="31" type="stmt"/>
        <line num="4" count="31" type="stmt"/>
        <line num="5" count="31" type="stmt"/>
        <line num="6" count="31" type="stmt"/>
        <line num="7" count="31" type="stmt"/>
        <line num="11" count="31" type="cond" truecount="7" falsecount="0"/>
        <line num="17" count="21" type="stmt"/>
        <line num="18" count="21" type="stmt"/>
        <line num="22" count="19" type="cond" truecount="3" falsecount="0"/>
        <line num="26" count="15" type="cond" truecount="1" falsecount="1"/>
        <line num="30" count="15" type="stmt"/>
        <line num="31" count="15" type="stmt"/>
        <line num="35" count="8" type="stmt"/>
        <line num="36" count="8" type="stmt"/>
        <line num="39" count="31" type="stmt"/>
      </file>
    </package>
  </project>
</coverage>
