<?xml version="1.0" encoding="UTF-8"?>
<coverage generated="1717819032030" clover="3.2.0">
  <project timestamp="1717819032030" name="All files">
    <metrics statements="40" coveredstatements="40" conditionals="60" coveredconditionals="60" methods="25" coveredmethods="25" elements="125" coveredelements="125" complexity="0" loc="40" ncloc="40" packages="3" files="4" classes="4"/>
    <package name="Auth">
      <metrics statements="14" coveredstatements="14" conditionals="26" coveredconditionals="26" methods="11" coveredmethods="11"/>
      <file name="login.js" path="C:\Users\DucVIet\DanhGiaVaKiemDinhPhanMem\BaiTapGK_DanhGiaKiemDinh\Auth\login.js">
        <metrics statements="6" coveredstatements="6" conditionals="12" coveredconditionals="12" methods="5" coveredmethods="5"/>
        <line num="3" count="26" type="stmt"/>
        <line num="4" count="26" type="stmt"/>
        <line num="8" count="26" type="cond" truecount="4" falsecount="0"/>
        <line num="12" count="23" type="cond" truecount="2" falsecount="0"/>
        <line num="16" count="16" type="stmt"/>
        <line num="24" count="26" type="cond" truecount="3" falsecount="0"/>
      </file>
      <file name="signup.js" path="C:\Users\DucVIet\DanhGiaVaKiemDinhPhanMem\BaiTapGK_DanhGiaKiemDinh\Auth\signup.js">
        <metrics statements="8" coveredstatements="8" conditionals="14" coveredconditionals="14" methods="6" coveredmethods="6"/>
        <line num="3" count="22" type="stmt"/>
        <line num="4" count="22" type="stmt"/>
        <line num="5" count="22" type="stmt"/>
        <line num="9" count="22" type="cond" truecount="5" falsecount="0"/>
        <line num="13" count="17" type="cond" truecount="2" falsecount="0"/>
        <line num="17" count="13" type="stmt"/>
        <line num="25" count="9" type="stmt"/>
        <line num="29" count="22" type="stmt"/>
      </file>
    </package>
    <package name="DkiBH">
      <metrics statements="11" coveredstatements="11" conditionals="16" coveredconditionals="16" methods="6" coveredmethods="6"/>
      <file name="baohiem.js" path="C:\Users\DucVIet\DanhGiaVaKiemDinhPhanMem\BaiTapGK_DanhGiaKiemDinh\DkiBH\baohiem.js">
        <metrics statements="11" coveredstatements="11" conditionals="16" coveredconditionals="16" methods="6" coveredmethods="6"/>
        <line num="3" count="27" type="stmt"/>
        <line num="4" count="27" type="stmt"/>
        <line num="8" count="27" type="cond" truecount="4" falsecount="0"/>
        <line num="12" count="20" type="stmt"/>
        <line num="13" count="20" type="cond" truecount="2" falsecount="0"/>
        <line num="17" count="19" type="stmt"/>
        <line num="25" count="27" type="cond" truecount="3" falsecount="0"/>
        <line num="29" count="10" type="cond" truecount="2" falsecount="0"/>
        <line num="30" count="6" type="stmt"/>
        <line num="33" count="4" type="cond" truecount="2" falsecount="0"/>
        <line num="34" count="4" type="stmt"/>
      </file>
    </package>
    <package name="KhaiBaoTT">
      <metrics statements="15" coveredstatements="15" conditionals="18" coveredconditionals="18" methods="8" coveredmethods="8"/>
      <file name="khaibao.js" path="C:\Users\DucVIet\DanhGiaVaKiemDinhPhanMem\BaiTapGK_DanhGiaKiemDinh\KhaiBaoTT\khaibao.js">
        <metrics statements="15" coveredstatements="15" conditionals="18" coveredconditionals="18" methods="8" coveredmethods="8"/>
        <line num="3" count="49" type="stmt"/>
        <line num="4" count="49" type="stmt"/>
        <line num="5" count="49" type="stmt"/>
        <line num="6" count="49" type="stmt"/>
        <line num="7" count="49" type="stmt"/>
        <line num="11" count="49" type="cond" truecount="7" falsecount="0"/>
        <line num="17" count="34" type="stmt"/>
        <line num="18" count="34" type="stmt"/>
        <line num="22" count="31" type="cond" truecount="3" falsecount="0"/>
        <line num="26" count="26" type="cond" truecount="2" falsecount="0"/>
        <line num="30" count="25" type="stmt"/>
        <line num="31" count="25" type="stmt"/>
        <line num="35" count="17" type="stmt"/>
        <line num="36" count="17" type="stmt"/>
        <line num="39" count="49" type="stmt"/>
      </file>
    </package>
  </project>
</coverage>
