{"C:\\Users\\vinh\\OneDrive - MSFT\\code\\BTL_Test_jmetter\\DanhGiaVaKiemDinhPhanMem\\BaiTapGK_DanhGiaKiemDinh\\Auth\\login.js": {"path":"C:\\Users\\vinh\\OneDrive - MSFT\\code\\BTL_Test_jmetter\\DanhGiaVaKiemDinhPhanMem\\BaiTapGK_DanhGiaKiemDinh\\Auth\\login.js","statementMap":{"0":{"start":{"line":3,"column":4},"end":{"line":3,"column":23}},"1":{"start":{"line":4,"column":4},"end":{"line":4,"column":29}},"2":{"start":{"line":8,"column":4},"end":{"line":8,"column":54}},"3":{"start":{"line":12,"column":4},"end":{"line":12,"column":74}},"4":{"start":{"line":16,"column":4},"end":{"line":20,"column":6}},"5":{"start":{"line":24,"column":4},"end":{"line":24,"column":78}}},"fnMap":{"0":{"name":"(anonymous_0)","decl":{"start":{"line":2,"column":2},"end":{"line":2,"column":3}},"loc":{"start":{"line":2,"column":31},"end":{"line":5,"column":3}},"line":2},"1":{"name":"(anonymous_1)","decl":{"start":{"line":7,"column":2},"end":{"line":7,"column":3}},"loc":{"start":{"line":7,"column":15},"end":{"line":9,"column":3}},"line":7},"2":{"name":"(anonymous_2)","decl":{"start":{"line":11,"column":2},"end":{"line":11,"column":3}},"loc":{"start":{"line":11,"column":17},"end":{"line":13,"column":3}},"line":11},"3":{"name":"(anonymous_3)","decl":{"start":{"line":15,"column":2},"end":{"line":15,"column":3}},"loc":{"start":{"line":15,"column":20},"end":{"line":21,"column":3}},"line":15},"4":{"name":"(anonymous_4)","decl":{"start":{"line":23,"column":2},"end":{"line":23,"column":3}},"loc":{"start":{"line":23,"column":28},"end":{"line":25,"column":3}},"line":23}},"branchMap":{"0":{"loc":{"start":{"line":8,"column":11},"end":{"line":8,"column":53}},"type":"cond-expr","locations":[{"start":{"line":8,"column":41},"end":{"line":8,"column":45}},{"start":{"line":8,"column":48},"end":{"line":8,"column":53}}],"line":8},"1":{"loc":{"start":{"line":8,"column":11},"end":{"line":8,"column":38}},"type":"binary-expr","locations":[{"start":{"line":8,"column":11},"end":{"line":8,"column":21}},{"start":{"line":8,"column":25},"end":{"line":8,"column":38}}],"line":8},"2":{"loc":{"start":{"line":12,"column":11},"end":{"line":12,"column":73}},"type":"binary-expr","locations":[{"start":{"line":12,"column":11},"end":{"line":12,"column":44}},{"start":{"line":12,"column":48},"end":{"line":12,"column":73}}],"line":12},"3":{"loc":{"start":{"line":17,"column":6},"end":{"line":19,"column":34}},"type":"binary-expr","locations":[{"start":{"line":17,"column":6},"end":{"line":17,"column":31}},{"start":{"line":18,"column":6},"end":{"line":18,"column":32}},{"start":{"line":19,"column":6},"end":{"line":19,"column":34}}],"line":17},"4":{"loc":{"start":{"line":24,"column":11},"end":{"line":24,"column":77}},"type":"binary-expr","locations":[{"start":{"line":24,"column":11},"end":{"line":24,"column":28}},{"start":{"line":24,"column":32},"end":{"line":24,"column":51}},{"start":{"line":24,"column":55},"end":{"line":24,"column":77}}],"line":24}},"s":{"0":26,"1":26,"2":26,"3":23,"4":16,"5":26},"f":{"0":26,"1":26,"2":23,"3":16,"4":26},"b":{"0":[23,3],"1":[26,24],"2":[23,18],"3":[16,15,14],"4":[26,23,16]},"_coverageSchema":"1a1c01bbd47fc00a2c39e90264f33305004495a9","hash":"1aed24fe43b5d75d4a8cb0e9f72edefb78362903"}
,"C:\\Users\\vinh\\OneDrive - MSFT\\code\\BTL_Test_jmetter\\DanhGiaVaKiemDinhPhanMem\\BaiTapGK_DanhGiaKiemDinh\\Auth\\signup.js": {"path":"C:\\Users\\vinh\\OneDrive - MSFT\\code\\BTL_Test_jmetter\\DanhGiaVaKiemDinhPhanMem\\BaiTapGK_DanhGiaKiemDinh\\Auth\\signup.js","statementMap":{"0":{"start":{"line":3,"column":4},"end":{"line":3,"column":23}},"1":{"start":{"line":4,"column":4},"end":{"line":4,"column":29}},"2":{"start":{"line":5,"column":4},"end":{"line":5,"column":43}},"3":{"start":{"line":9,"column":4},"end":{"line":9,"column":78}},"4":{"start":{"line":13,"column":4},"end":{"line":13,"column":74}},"5":{"start":{"line":17,"column":4},"end":{"line":21,"column":6}},"6":{"start":{"line":25,"column":4},"end":{"line":25,"column":50}},"7":{"start":{"line":29,"column":4},"end":{"line":34,"column":6}}},"fnMap":{"0":{"name":"(anonymous_0)","decl":{"start":{"line":2,"column":2},"end":{"line":2,"column":3}},"loc":{"start":{"line":2,"column":48},"end":{"line":6,"column":3}},"line":2},"1":{"name":"(anonymous_1)","decl":{"start":{"line":8,"column":2},"end":{"line":8,"column":3}},"loc":{"start":{"line":8,"column":15},"end":{"line":10,"column":3}},"line":8},"2":{"name":"(anonymous_2)","decl":{"start":{"line":12,"column":2},"end":{"line":12,"column":3}},"loc":{"start":{"line":12,"column":17},"end":{"line":14,"column":3}},"line":12},"3":{"name":"(anonymous_3)","decl":{"start":{"line":16,"column":2},"end":{"line":16,"column":3}},"loc":{"start":{"line":16,"column":20},"end":{"line":22,"column":3}},"line":16},"4":{"name":"(anonymous_4)","decl":{"start":{"line":24,"column":2},"end":{"line":24,"column":3}},"loc":{"start":{"line":24,"column":19},"end":{"line":26,"column":3}},"line":24},"5":{"name":"(anonymous_5)","decl":{"start":{"line":28,"column":2},"end":{"line":28,"column":3}},"loc":{"start":{"line":28,"column":28},"end":{"line":35,"column":3}},"line":28}},"branchMap":{"0":{"loc":{"start":{"line":9,"column":11},"end":{"line":9,"column":77}},"type":"cond-expr","locations":[{"start":{"line":9,"column":65},"end":{"line":9,"column":69}},{"start":{"line":9,"column":72},"end":{"line":9,"column":77}}],"line":9},"1":{"loc":{"start":{"line":9,"column":11},"end":{"line":9,"column":62}},"type":"binary-expr","locations":[{"start":{"line":9,"column":11},"end":{"line":9,"column":21}},{"start":{"line":9,"column":25},"end":{"line":9,"column":38}},{"start":{"line":9,"column":42},"end":{"line":9,"column":62}}],"line":9},"2":{"loc":{"start":{"line":13,"column":11},"end":{"line":13,"column":73}},"type":"binary-expr","locations":[{"start":{"line":13,"column":11},"end":{"line":13,"column":44}},{"start":{"line":13,"column":48},"end":{"line":13,"column":73}}],"line":13},"3":{"loc":{"start":{"line":18,"column":6},"end":{"line":20,"column":34}},"type":"binary-expr","locations":[{"start":{"line":18,"column":6},"end":{"line":18,"column":31}},{"start":{"line":19,"column":6},"end":{"line":19,"column":32}},{"start":{"line":20,"column":6},"end":{"line":20,"column":34}}],"line":18},"4":{"loc":{"start":{"line":30,"column":6},"end":{"line":33,"column":27}},"type":"binary-expr","locations":[{"start":{"line":30,"column":6},"end":{"line":30,"column":23}},{"start":{"line":31,"column":6},"end":{"line":31,"column":25}},{"start":{"line":32,"column":6},"end":{"line":32,"column":28}},{"start":{"line":33,"column":6},"end":{"line":33,"column":27}}],"line":30}},"s":{"0":22,"1":22,"2":22,"3":22,"4":17,"5":13,"6":9,"7":22},"f":{"0":22,"1":22,"2":17,"3":13,"4":9,"5":22},"b":{"0":[17,5],"1":[22,20,18],"2":[17,15],"3":[13,12,11],"4":[22,17,13,9]},"_coverageSchema":"1a1c01bbd47fc00a2c39e90264f33305004495a9","hash":"761f91d019bf382b04e717708de42a59d45a4b9a"}
,"C:\\Users\\vinh\\OneDrive - MSFT\\code\\BTL_Test_jmetter\\DanhGiaVaKiemDinhPhanMem\\BaiTapGK_DanhGiaKiemDinh\\DkiBH\\baohiem.js": {"path":"C:\\Users\\vinh\\OneDrive - MSFT\\code\\BTL_Test_jmetter\\DanhGiaVaKiemDinhPhanMem\\BaiTapGK_DanhGiaKiemDinh\\DkiBH\\baohiem.js","statementMap":{"0":{"start":{"line":3,"column":4},"end":{"line":3,"column":21}},"1":{"start":{"line":4,"column":4},"end":{"line":4,"column":29}},"2":{"start":{"line":8,"column":4},"end":{"line":8,"column":53}},"3":{"start":{"line":12,"column":23},"end":{"line":12,"column":40}},"4":{"start":{"line":13,"column":4},"end":{"line":13,"column":69}},"5":{"start":{"line":17,"column":4},"end":{"line":21,"column":6}},"6":{"start":{"line":25,"column":4},"end":{"line":25,"column":77}},"7":{"start":{"line":29,"column":4},"end":{"line":31,"column":5}},"8":{"start":{"line":30,"column":6},"end":{"line":30,"column":29}},"9":{"start":{"line":33,"column":24},"end":{"line":33,"column":75}},"10":{"start":{"line":34,"column":4},"end":{"line":34,"column":39}}},"fnMap":{"0":{"name":"(anonymous_0)","decl":{"start":{"line":2,"column":2},"end":{"line":2,"column":3}},"loc":{"start":{"line":2,"column":30},"end":{"line":5,"column":3}},"line":2},"1":{"name":"(anonymous_1)","decl":{"start":{"line":7,"column":2},"end":{"line":7,"column":3}},"loc":{"start":{"line":7,"column":15},"end":{"line":9,"column":3}},"line":7},"2":{"name":"(anonymous_2)","decl":{"start":{"line":11,"column":2},"end":{"line":11,"column":3}},"loc":{"start":{"line":11,"column":16},"end":{"line":14,"column":3}},"line":11},"3":{"name":"(anonymous_3)","decl":{"start":{"line":16,"column":2},"end":{"line":16,"column":3}},"loc":{"start":{"line":16,"column":20},"end":{"line":22,"column":3}},"line":16},"4":{"name":"(anonymous_4)","decl":{"start":{"line":24,"column":2},"end":{"line":24,"column":3}},"loc":{"start":{"line":24,"column":27},"end":{"line":26,"column":3}},"line":24},"5":{"name":"(anonymous_5)","decl":{"start":{"line":28,"column":2},"end":{"line":28,"column":3}},"loc":{"start":{"line":28,"column":27},"end":{"line":35,"column":3}},"line":28}},"branchMap":{"0":{"loc":{"start":{"line":8,"column":11},"end":{"line":8,"column":52}},"type":"cond-expr","locations":[{"start":{"line":8,"column":40},"end":{"line":8,"column":44}},{"start":{"line":8,"column":47},"end":{"line":8,"column":52}}],"line":8},"1":{"loc":{"start":{"line":8,"column":11},"end":{"line":8,"column":37}},"type":"binary-expr","locations":[{"start":{"line":8,"column":11},"end":{"line":8,"column":20}},{"start":{"line":8,"column":24},"end":{"line":8,"column":37}}],"line":8},"2":{"loc":{"start":{"line":13,"column":11},"end":{"line":13,"column":68}},"type":"binary-expr","locations":[{"start":{"line":13,"column":11},"end":{"line":13,"column":20}},{"start":{"line":13,"column":24},"end":{"line":13,"column":68}}],"line":13},"3":{"loc":{"start":{"line":18,"column":6},"end":{"line":20,"column":24}},"type":"binary-expr","locations":[{"start":{"line":18,"column":6},"end":{"line":18,"column":37}},{"start":{"line":19,"column":6},"end":{"line":19,"column":24}},{"start":{"line":20,"column":6},"end":{"line":20,"column":24}}],"line":18},"4":{"loc":{"start":{"line":25,"column":11},"end":{"line":25,"column":76}},"type":"binary-expr","locations":[{"start":{"line":25,"column":11},"end":{"line":25,"column":28}},{"start":{"line":25,"column":32},"end":{"line":25,"column":50}},{"start":{"line":25,"column":54},"end":{"line":25,"column":76}}],"line":25},"5":{"loc":{"start":{"line":29,"column":4},"end":{"line":31,"column":5}},"type":"if","locations":[{"start":{"line":29,"column":4},"end":{"line":31,"column":5}},{"start":{},"end":{}}],"line":29},"6":{"loc":{"start":{"line":33,"column":24},"end":{"line":33,"column":75}},"type":"cond-expr","locations":[{"start":{"line":33,"column":60},"end":{"line":33,"column":66}},{"start":{"line":33,"column":69},"end":{"line":33,"column":75}}],"line":33}},"s":{"0":27,"1":27,"2":27,"3":20,"4":20,"5":19,"6":27,"7":10,"8":6,"9":4,"10":4},"f":{"0":27,"1":27,"2":20,"3":19,"4":27,"5":10},"b":{"0":[20,7],"1":[27,24],"2":[20,20],"3":[19,11,9],"4":[27,20,19],"5":[6,4],"6":[2,2]},"_coverageSchema":"1a1c01bbd47fc00a2c39e90264f33305004495a9","hash":"622560cd09cc9d86b498043cf7a324802599a93f"}
,"C:\\Users\\vinh\\OneDrive - MSFT\\code\\BTL_Test_jmetter\\DanhGiaVaKiemDinhPhanMem\\BaiTapGK_DanhGiaKiemDinh\\KhaiBaoTT\\khaibao.js": {"path":"C:\\Users\\vinh\\OneDrive - MSFT\\code\\BTL_Test_jmetter\\DanhGiaVaKiemDinhPhanMem\\BaiTapGK_DanhGiaKiemDinh\\KhaiBaoTT\\khaibao.js","statementMap":{"0":{"start":{"line":3,"column":4},"end":{"line":3,"column":21}},"1":{"start":{"line":4,"column":4},"end":{"line":4,"column":19}},"2":{"start":{"line":5,"column":4},"end":{"line":5,"column":19}},"3":{"start":{"line":6,"column":4},"end":{"line":6,"column":23}},"4":{"start":{"line":7,"column":4},"end":{"line":7,"column":19}},"5":{"start":{"line":11,"column":4},"end":{"line":13,"column":14}},"6":{"start":{"line":17,"column":22},"end":{"line":17,"column":37}},"7":{"start":{"line":18,"column":4},"end":{"line":18,"column":32}},"8":{"start":{"line":22,"column":4},"end":{"line":22,"column":57}},"9":{"start":{"line":26,"column":4},"end":{"line":26,"column":41}},"10":{"start":{"line":30,"column":23},"end":{"line":30,"column":33}},"11":{"start":{"line":31,"column":4},"end":{"line":31,"column":34}},"12":{"start":{"line":35,"column":25},"end":{"line":35,"column":43}},"13":{"start":{"line":36,"column":4},"end":{"line":36,"column":34}},"14":{"start":{"line":39,"column":4},"end":{"line":46,"column":6}}},"fnMap":{"0":{"name":"(anonymous_0)","decl":{"start":{"line":2,"column":2},"end":{"line":2,"column":3}},"loc":{"start":{"line":2,"column":42},"end":{"line":8,"column":3}},"line":2},"1":{"name":"(anonymous_1)","decl":{"start":{"line":10,"column":2},"end":{"line":10,"column":3}},"loc":{"start":{"line":10,"column":15},"end":{"line":14,"column":3}},"line":10},"2":{"name":"(anonymous_2)","decl":{"start":{"line":16,"column":2},"end":{"line":16,"column":3}},"loc":{"start":{"line":16,"column":20},"end":{"line":19,"column":3}},"line":16},"3":{"name":"(anonymous_3)","decl":{"start":{"line":21,"column":2},"end":{"line":21,"column":3}},"loc":{"start":{"line":21,"column":18},"end":{"line":23,"column":3}},"line":21},"4":{"name":"(anonymous_4)","decl":{"start":{"line":25,"column":2},"end":{"line":25,"column":3}},"loc":{"start":{"line":25,"column":18},"end":{"line":27,"column":3}},"line":25},"5":{"name":"(anonymous_5)","decl":{"start":{"line":29,"column":2},"end":{"line":29,"column":3}},"loc":{"start":{"line":29,"column":22},"end":{"line":32,"column":3}},"line":29},"6":{"name":"(anonymous_6)","decl":{"start":{"line":34,"column":2},"end":{"line":34,"column":3}},"loc":{"start":{"line":34,"column":22},"end":{"line":37,"column":3}},"line":34},"7":{"name":"(anonymous_7)","decl":{"start":{"line":38,"column":2},"end":{"line":38,"column":3}},"loc":{"start":{"line":38,"column":16},"end":{"line":47,"column":3}},"line":38}},"branchMap":{"0":{"loc":{"start":{"line":11,"column":11},"end":{"line":13,"column":13}},"type":"cond-expr","locations":[{"start":{"line":12,"column":8},"end":{"line":12,"column":12}},{"start":{"line":13,"column":8},"end":{"line":13,"column":13}}],"line":11},"1":{"loc":{"start":{"line":11,"column":11},"end":{"line":11,"column":70}},"type":"binary-expr","locations":[{"start":{"line":11,"column":11},"end":{"line":11,"column":20}},{"start":{"line":11,"column":24},"end":{"line":11,"column":32}},{"start":{"line":11,"column":36},"end":{"line":11,"column":44}},{"start":{"line":11,"column":48},"end":{"line":11,"column":58}},{"start":{"line":11,"column":62},"end":{"line":11,"column":70}}],"line":11},"2":{"loc":{"start":{"line":22,"column":11},"end":{"line":22,"column":56}},"type":"binary-expr","locations":[{"start":{"line":22,"column":11},"end":{"line":22,"column":32}},{"start":{"line":22,"column":36},"end":{"line":22,"column":43}},{"start":{"line":22,"column":47},"end":{"line":22,"column":56}}],"line":22},"3":{"loc":{"start":{"line":26,"column":11},"end":{"line":26,"column":40}},"type":"binary-expr","locations":[{"start":{"line":26,"column":11},"end":{"line":26,"column":24}},{"start":{"line":26,"column":28},"end":{"line":26,"column":40}}],"line":26},"4":{"loc":{"start":{"line":40,"column":6},"end":{"line":45,"column":35}},"type":"binary-expr","locations":[{"start":{"line":40,"column":6},"end":{"line":40,"column":23}},{"start":{"line":41,"column":6},"end":{"line":41,"column":33}},{"start":{"line":42,"column":6},"end":{"line":42,"column":31}},{"start":{"line":43,"column":6},"end":{"line":43,"column":31}},{"start":{"line":44,"column":6},"end":{"line":44,"column":35}},{"start":{"line":45,"column":6},"end":{"line":45,"column":35}}],"line":40}},"s":{"0":37,"1":37,"2":37,"3":37,"4":37,"5":37,"6":28,"7":28,"8":25,"9":21,"10":20,"11":20,"12":12,"13":12,"14":37},"f":{"0":37,"1":37,"2":28,"3":25,"4":21,"5":20,"6":12,"7":37},"b":{"0":[28,9],"1":[37,34,32,30,29],"2":[25,23,22],"3":[21,1],"4":[37,28,25,21,20,12]},"_coverageSchema":"1a1c01bbd47fc00a2c39e90264f33305004495a9","hash":"870004f03055f452c809e7ae486988b60e12929e"}
}
