TN:
SF:Auth\login.js
FN:2,(anonymous_0)
FN:7,(anonymous_1)
FN:11,(anonymous_2)
FN:15,(anonymous_3)
FN:23,(anonymous_4)
FNF:5
FNH:5
FNDA:26,(anonymous_0)
FNDA:26,(anonymous_1)
FNDA:23,(anonymous_2)
FNDA:16,(anonymous_3)
FNDA:26,(anonymous_4)
DA:3,26
DA:4,26
DA:8,26
DA:12,23
DA:16,16
DA:24,26
LF:6
LH:6
BRDA:8,0,0,23
BRDA:8,0,1,3
BRDA:8,1,0,26
BRDA:8,1,1,24
BRDA:12,2,0,23
BRDA:12,2,1,18
BRDA:17,3,0,16
BRDA:17,3,1,15
BRDA:17,3,2,14
BRDA:24,4,0,26
BRDA:24,4,1,23
BRDA:24,4,2,16
BRF:12
BRH:12
end_of_record
TN:
SF:Auth\signup.js
FN:2,(anonymous_0)
FN:8,(anonymous_1)
FN:12,(anonymous_2)
FN:16,(anonymous_3)
FN:24,(anonymous_4)
FN:28,(anonymous_5)
FNF:6
FNH:6
FNDA:31,(anonymous_0)
FNDA:31,(anonymous_1)
FNDA:26,(anonymous_2)
FNDA:18,(anonymous_3)
FNDA:14,(anonymous_4)
FNDA:31,(anonymous_5)
DA:3,31
DA:4,31
DA:5,31
DA:9,31
DA:13,26
DA:17,18
DA:25,14
DA:29,31
LF:8
LH:8
BRDA:9,0,0,26
BRDA:9,0,1,5
BRDA:9,1,0,31
BRDA:9,1,1,29
BRDA:9,1,2,27
BRDA:13,2,0,26
BRDA:13,2,1,20
BRDA:18,3,0,18
BRDA:18,3,1,17
BRDA:18,3,2,16
BRDA:30,4,0,31
BRDA:30,4,1,26
BRDA:30,4,2,18
BRDA:30,4,3,14
BRF:14
BRH:14
end_of_record
TN:
SF:DkiBH\baohiem.js
FN:2,(anonymous_0)
FN:7,(anonymous_1)
FN:11,(anonymous_2)
FN:16,(anonymous_3)
FN:24,(anonymous_4)
FN:28,(anonymous_5)
FNF:6
FNH:6
FNDA:17,(anonymous_0)
FNDA:17,(anonymous_1)
FNDA:10,(anonymous_2)
FNDA:9,(anonymous_3)
FNDA:17,(anonymous_4)
FNDA:7,(anonymous_5)
DA:3,17
DA:4,17
DA:8,17
DA:12,10
DA:13,10
DA:17,9
DA:25,17
DA:29,7
DA:30,3
DA:33,4
DA:34,4
LF:11
LH:11
BRDA:8,0,0,10
BRDA:8,0,1,7
BRDA:8,1,0,17
BRDA:8,1,1,14
BRDA:13,2,0,10
BRDA:13,2,1,10
BRDA:18,3,0,9
BRDA:18,3,1,9
BRDA:18,3,2,9
BRDA:25,4,0,17
BRDA:25,4,1,10
BRDA:25,4,2,9
BRDA:29,5,0,3
BRDA:29,5,1,4
BRDA:33,6,0,2
BRDA:33,6,1,2
BRF:16
BRH:16
end_of_record
TN:
SF:KhaiBaoTT\khaibao.js
FN:2,(anonymous_0)
FN:10,(anonymous_1)
FN:16,(anonymous_2)
FN:21,(anonymous_3)
FN:25,(anonymous_4)
FN:29,(anonymous_5)
FN:34,(anonymous_6)
FN:38,(anonymous_7)
FNF:8
FNH:8
FNDA:37,(anonymous_0)
FNDA:37,(anonymous_1)
FNDA:28,(anonymous_2)
FNDA:25,(anonymous_3)
FNDA:21,(anonymous_4)
FNDA:20,(anonymous_5)
FNDA:12,(anonymous_6)
FNDA:37,(anonymous_7)
DA:3,37
DA:4,37
DA:5,37
DA:6,37
DA:7,37
DA:11,37
DA:17,28
DA:18,28
DA:22,25
DA:26,21
DA:30,20
DA:31,20
DA:35,12
DA:36,12
DA:39,37
LF:15
LH:15
BRDA:11,0,0,28
BRDA:11,0,1,9
BRDA:11,1,0,37
BRDA:11,1,1,34
BRDA:11,1,2,32
BRDA:11,1,3,30
BRDA:11,1,4,29
BRDA:22,2,0,25
BRDA:22,2,1,23
BRDA:22,2,2,22
BRDA:26,3,0,21
BRDA:26,3,1,1
BRDA:40,4,0,37
BRDA:40,4,1,28
BRDA:40,4,2,25
BRDA:40,4,3,21
BRDA:40,4,4,20
BRDA:40,4,5,12
BRF:18
BRH:18
end_of_record
