TN:
SF:Auth\login.js
FN:2,(anonymous_0)
FN:7,(anonymous_1)
FN:11,(anonymous_2)
FN:15,(anonymous_3)
FN:23,(anonymous_4)
FNF:5
FNH:5
FNDA:18,(anonymous_0)
FNDA:18,(anonymous_1)
FNDA:15,(anonymous_2)
FNDA:11,(anonymous_3)
FNDA:18,(anonymous_4)
DA:3,18
DA:4,18
DA:8,18
DA:12,15
DA:16,11
DA:24,18
LF:6
LH:6
BRDA:8,0,0,15
BRDA:8,0,1,3
BRDA:8,1,0,18
BRDA:8,1,1,16
BRDA:12,2,0,15
BRDA:12,2,1,13
BRDA:17,3,0,11
BRDA:17,3,1,10
BRDA:17,3,2,9
BRDA:24,4,0,18
BRDA:24,4,1,15
BRDA:24,4,2,11
BRF:12
BRH:12
end_of_record
TN:
SF:Auth\signup.js
FN:2,(anonymous_0)
FN:8,(anonymous_1)
FN:12,(anonymous_2)
FN:16,(anonymous_3)
FN:24,(anonymous_4)
FN:28,(anonymous_5)
FNF:6
FNH:6
FNDA:22,(anonymous_0)
FNDA:22,(anonymous_1)
FNDA:17,(anonymous_2)
FNDA:13,(anonymous_3)
FNDA:9,(anonymous_4)
FNDA:22,(anonymous_5)
DA:3,22
DA:4,22
DA:5,22
DA:9,22
DA:13,17
DA:17,13
DA:25,9
DA:29,22
LF:8
LH:8
BRDA:9,0,0,17
BRDA:9,0,1,5
BRDA:9,1,0,22
BRDA:9,1,1,20
BRDA:9,1,2,18
BRDA:13,2,0,17
BRDA:13,2,1,15
BRDA:18,3,0,13
BRDA:18,3,1,12
BRDA:18,3,2,11
BRDA:30,4,0,22
BRDA:30,4,1,17
BRDA:30,4,2,13
BRDA:30,4,3,9
BRF:14
BRH:14
end_of_record
TN:
SF:DkiBH\baohiem.js
FN:2,(anonymous_0)
FN:7,(anonymous_1)
FN:11,(anonymous_2)
FN:16,(anonymous_3)
FN:24,(anonymous_4)
FN:28,(anonymous_5)
FNF:6
FNH:6
FNDA:27,(anonymous_0)
FNDA:27,(anonymous_1)
FNDA:20,(anonymous_2)
FNDA:19,(anonymous_3)
FNDA:27,(anonymous_4)
FNDA:10,(anonymous_5)
DA:3,27
DA:4,27
DA:8,27
DA:12,20
DA:13,20
DA:17,19
DA:25,27
DA:29,10
DA:30,6
DA:33,4
DA:34,4
LF:11
LH:11
BRDA:8,0,0,20
BRDA:8,0,1,7
BRDA:8,1,0,27
BRDA:8,1,1,24
BRDA:13,2,0,20
BRDA:13,2,1,20
BRDA:18,3,0,19
BRDA:18,3,1,11
BRDA:18,3,2,9
BRDA:25,4,0,27
BRDA:25,4,1,20
BRDA:25,4,2,19
BRDA:29,5,0,6
BRDA:29,5,1,4
BRDA:33,6,0,2
BRDA:33,6,1,2
BRF:16
BRH:16
end_of_record
TN:
SF:KhaiBaoTT\khaibao.js
FN:2,(anonymous_0)
FN:10,(anonymous_1)
FN:16,(anonymous_2)
FN:21,(anonymous_3)
FN:25,(anonymous_4)
FN:29,(anonymous_5)
FN:34,(anonymous_6)
FN:38,(anonymous_7)
FNF:8
FNH:8
FNDA:31,(anonymous_0)
FNDA:31,(anonymous_1)
FNDA:21,(anonymous_2)
FNDA:19,(anonymous_3)
FNDA:15,(anonymous_4)
FNDA:15,(anonymous_5)
FNDA:8,(anonymous_6)
FNDA:31,(anonymous_7)
DA:3,31
DA:4,31
DA:5,31
DA:6,31
DA:7,31
DA:11,31
DA:17,21
DA:18,21
DA:22,19
DA:26,15
DA:30,15
DA:31,15
DA:35,8
DA:36,8
DA:39,31
LF:15
LH:15
BRDA:11,0,0,21
BRDA:11,0,1,10
BRDA:11,1,0,31
BRDA:11,1,1,27
BRDA:11,1,2,25
BRDA:11,1,3,23
BRDA:11,1,4,22
BRDA:22,2,0,19
BRDA:22,2,1,17
BRDA:22,2,2,16
BRDA:26,3,0,15
BRDA:26,3,1,0
BRDA:40,4,0,31
BRDA:40,4,1,21
BRDA:40,4,2,19
BRDA:40,4,3,15
BRDA:40,4,4,15
BRDA:40,4,5,8
BRF:18
BRH:17
end_of_record
